
  .   ____          _            __ _ _
 /\\ / ___'_ __ _ _(_)_ __  __ _ \ \ \ \
( ( )\___ | '_ | '_| | '_ \/ _` | \ \ \ \
 \\/  ___)| |_)| | | | | || (_| |  ) ) ) )
  '  |____| .__|_| |_|_| |_\__, | / / / /
 =========|_|==============|___/=/_/_/_/

 :: Spring Boot ::                (v3.3.4)

2025-11-24T08:43:27.462+05:00  INFO 32206 --- [Cinema Booking System] [           main] c.rizat.cinema.CinemaBookingApplication  : Starting CinemaBookingApplication v0.0.1-SNAPSHOT using Java 25.0.1 with PID 32206 (/Users/rizatkabdybek/Documents/ad/target/booking-cinema-0.0.1-SNAPSHOT.jar started by rizatkabdybek in /Users/rizatkabdybek/Documents/ad)
2025-11-24T08:43:27.463+05:00 DEBUG 32206 --- [Cinema Booking System] [           main] c.rizat.cinema.CinemaBookingApplication  : Running with Spring Boot v3.3.4, Spring v6.1.13
2025-11-24T08:43:27.463+05:00  INFO 32206 --- [Cinema Booking System] [           main] c.rizat.cinema.CinemaBookingApplication  : No active profile set, falling back to 1 default profile: "default"
2025-11-24T08:43:27.675+05:00  INFO 32206 --- [Cinema Booking System] [           main] .s.d.r.c.RepositoryConfigurationDelegate : Bootstrapping Spring Data JPA repositories in DEFAULT mode.
2025-11-24T08:43:27.692+05:00  INFO 32206 --- [Cinema Booking System] [           main] .s.d.r.c.RepositoryConfigurationDelegate : Finished Spring Data repository scanning in 15 ms. Found 3 JPA repository interfaces.
WARNING: A restricted method in java.lang.System has been called
WARNING: java.lang.System::load has been called by org.apache.tomcat.jni.Library in an unnamed module (jar:nested:/Users/rizatkabdybek/Documents/ad/target/booking-cinema-0.0.1-SNAPSHOT.jar/!BOOT-INF/lib/tomcat-embed-core-10.1.30.jar!/)
WARNING: Use --enable-native-access=ALL-UNNAMED to avoid a warning for callers in this module
WARNING: Restricted methods will be blocked in a future release unless native access is enabled

2025-11-24T08:43:27.876+05:00  INFO 32206 --- [Cinema Booking System] [           main] o.s.b.w.embedded.tomcat.TomcatWebServer  : Tomcat initialized with port 8080 (http)
2025-11-24T08:43:27.881+05:00  INFO 32206 --- [Cinema Booking System] [           main] o.apache.catalina.core.StandardService   : Starting service [Tomcat]
2025-11-24T08:43:27.881+05:00  INFO 32206 --- [Cinema Booking System] [           main] o.apache.catalina.core.StandardEngine    : Starting Servlet engine: [Apache Tomcat/10.1.30]
2025-11-24T08:43:27.892+05:00  INFO 32206 --- [Cinema Booking System] [           main] o.a.c.c.C.[Tomcat].[localhost].[/]       : Initializing Spring embedded WebApplicationContext
2025-11-24T08:43:27.892+05:00  INFO 32206 --- [Cinema Booking System] [           main] w.s.c.ServletWebServerApplicationContext : Root WebApplicationContext: initialization completed in 409 ms
2025-11-24T08:43:27.904+05:00  INFO 32206 --- [Cinema Booking System] [           main] com.zaxxer.hikari.HikariDataSource       : HikariPool-1 - Starting...
2025-11-24T08:43:27.981+05:00  INFO 32206 --- [Cinema Booking System] [           main] com.zaxxer.hikari.pool.HikariPool        : HikariPool-1 - Added connection conn0: url=jdbc:h2:mem:4d1b7ab9-60e8-426c-b902-477501d249cb user=SA
2025-11-24T08:43:27.982+05:00  INFO 32206 --- [Cinema Booking System] [           main] com.zaxxer.hikari.HikariDataSource       : HikariPool-1 - Start completed.
2025-11-24T08:43:27.986+05:00  INFO 32206 --- [Cinema Booking System] [           main] o.s.b.a.h2.H2ConsoleAutoConfiguration    : H2 console available at '/h2-console'. Database available at 'jdbc:h2:mem:4d1b7ab9-60e8-426c-b902-477501d249cb'
2025-11-24T08:43:28.033+05:00  INFO 32206 --- [Cinema Booking System] [           main] o.hibernate.jpa.internal.util.LogHelper  : HHH000204: Processing PersistenceUnitInfo [name: default]
2025-11-24T08:43:28.051+05:00  INFO 32206 --- [Cinema Booking System] [           main] org.hibernate.Version                    : HHH000412: Hibernate ORM core version 6.5.3.Final
2025-11-24T08:43:28.062+05:00  INFO 32206 --- [Cinema Booking System] [           main] o.h.c.internal.RegionFactoryInitiator    : HHH000026: Second-level cache disabled
2025-11-24T08:43:28.193+05:00  INFO 32206 --- [Cinema Booking System] [           main] o.s.o.j.p.SpringPersistenceUnitInfo      : No LoadTimeWeaver setup: ignoring JPA class transformer
2025-11-24T08:43:28.509+05:00  INFO 32206 --- [Cinema Booking System] [           main] o.h.e.t.j.p.i.JtaPlatformInitiator       : HHH000489: No JTA platform available (set 'hibernate.transaction.jta.platform' to enable JTA platform integration)
2025-11-24T08:43:28.529+05:00  INFO 32206 --- [Cinema Booking System] [           main] j.LocalContainerEntityManagerFactoryBean : Initialized JPA EntityManagerFactory for persistence unit 'default'
2025-11-24T08:43:28.682+05:00  WARN 32206 --- [Cinema Booking System] [           main] JpaBaseConfiguration$JpaWebConfiguration : spring.jpa.open-in-view is enabled by default. Therefore, database queries may be performed during view rendering. Explicitly configure spring.jpa.open-in-view to disable this warning
2025-11-24T08:43:28.691+05:00  INFO 32206 --- [Cinema Booking System] [           main] o.s.b.a.w.s.WelcomePageHandlerMapping    : Adding welcome page template: index
2025-11-24T08:43:28.841+05:00  INFO 32206 --- [Cinema Booking System] [           main] o.s.b.w.embedded.tomcat.TomcatWebServer  : Tomcat started on port 8080 (http) with context path '/'
2025-11-24T08:43:28.848+05:00  INFO 32206 --- [Cinema Booking System] [           main] c.rizat.cinema.CinemaBookingApplication  : Started CinemaBookingApplication in 1.519 seconds (process running for 1.683)
